-----------------------------------------------------------------------------------------------------------------------------------------
      name:  <unnamed>
       log:  /Users/wliang/Desktop/data_challenge/SupStoredataAnalysis.log
  log type:  text
 opened on:  19 Oct 2022, 23:41:37

. 
. 
. /* 1) Multivariable Regression of sales on shipping mode */
. /* Interpretations: what's the sale gap between different shipping method
> shipdum1 - FirstClass
> shipdum2 - SameDay
> shipdum3 - SecondClass
> omitted - Standard Class
> 
> */
. 
. // create dummies for each ship mode
. tab shipmode, gen(shipdum) 

     Ship Mode |      Freq.     Percent        Cum.
---------------+-----------------------------------
   First Class |      1,538       15.39       15.39
      Same Day |        543        5.43       20.82
  Second Class |      1,945       19.46       40.28
Standard Class |      5,968       59.72      100.00
---------------+-----------------------------------
         Total |      9,994      100.00

. rename shipdum1 FirstClass

. rename shipdum2 SameDay

. rename shipdum3 SecondClass

. 
. // regress sales on three of the four ship mode dummies
. reg sales FirstClass SameDay SecondClass

      Source |       SS           df       MS      Number of obs   =     9,994
-------------+----------------------------------   F(3, 9990)      =      0.11
       Model |   132468.22         3  44156.0735   Prob > F        =    0.9522
    Residual |  3.8815e+09     9,990  388537.839   R-squared       =    0.0000
-------------+----------------------------------   Adj R-squared   =   -0.0003
       Total |  3.8816e+09     9,993  388434.452   Root MSE        =    623.33

------------------------------------------------------------------------------
       sales | Coefficient  Std. err.      t    P>|t|     [95% conf. interval]
-------------+----------------------------------------------------------------
  FirstClass |   .9139564   17.82495     0.05   0.959    -34.02654    35.85445
     SameDay |   8.813111   27.93999     0.32   0.752    -45.95489    63.58111
 SecondClass |   8.506171    16.2747     0.52   0.601    -23.39552    40.40787
       _cons |   227.5831   8.068676    28.21   0.000     211.7668    243.3993
------------------------------------------------------------------------------

. 
. 
. 
. /* 2) ANOVA for testing difference in efficiency between different shipping modes */
. 
. //generate variables for start and end dates
. generate startdate = date(orderdate, "MDY")

. generate enddate = date(shipdate, "MDY")

. 
. //generate variable to store how many days it took for a shipment to arrive
. generate daystaken = enddate - startdate

. 
. //do oneway anova 
. oneway daystaken shipmode, tabulate

              |        Summary of daystaken
    Ship Mode |        Mean   Std. dev.       Freq.
--------------+------------------------------------
  First Class |   2.1827048   .77352918       1,538
     Same Day |    .0441989   .20572627         543
 Second Class |   3.2380463    1.188245       1,945
Standard Cl.. |   5.0065349   1.0108134       5,968
--------------+------------------------------------
        Total |   3.9581749   1.7475667       9,994

                        Analysis of variance
    Source              SS         df      MS            F     Prob > F
------------------------------------------------------------------------
Between groups      20734.3882      3   6911.46274   7056.89     0.0000
 Within groups      9784.12889   9990   .979392281
------------------------------------------------------------------------
    Total           30518.5171   9993    3.0539895

Bartlett's equal-variances test: chi2(3) =  1.5e+03    Prob>chi2 = 0.000

. 
. 
. 
. /* 3) t-test if each shipping mode has shipping that are generally faster than its mean */
. // ttest for each shipmode to check if actual days taken are less than estimated days taken
. 
. ttest daystaken == 2.1827048 if shipmode == "First Class" 

One-sample t test
------------------------------------------------------------------------------
Variable |     Obs        Mean    Std. err.   Std. dev.   [95% conf. interval]
---------+--------------------------------------------------------------------
daysta~n |   1,538    2.182705    .0197242    .7735292    2.144016    2.221394
------------------------------------------------------------------------------
    mean = mean(daystaken)                                        t =   0.0000
H0: mean = 2.1827                                Degrees of freedom =     1537

  Ha: mean < 2.1827           Ha: mean != 2.1827             Ha: mean > 2.1827
 Pr(T < t) = 0.5000         Pr(|T| > |t|) = 1.0000          Pr(T > t) = 0.5000

. ttest daystaken == 0.0441989 if shipmode == "Same Day"  

One-sample t test
------------------------------------------------------------------------------
Variable |     Obs        Mean    Std. err.   Std. dev.   [95% conf. interval]
---------+--------------------------------------------------------------------
daysta~n |     543    .0441989    .0088286    .2057263    .0268565    .0615413
------------------------------------------------------------------------------
    mean = mean(daystaken)                                        t =  -0.0000
H0: mean = .044199                               Degrees of freedom =      542

 Ha: mean < .044199           Ha: mean != .044199           Ha: mean > .044199
 Pr(T < t) = 0.5000         Pr(|T| > |t|) = 1.0000          Pr(T > t) = 0.5000

. ttest daystaken == 3.2380463 if shipmode == "Second Class"

One-sample t test
------------------------------------------------------------------------------
Variable |     Obs        Mean    Std. err.   Std. dev.   [95% conf. interval]
---------+--------------------------------------------------------------------
daysta~n |   1,945    3.238046     .026943    1.188245    3.185206    3.290887
------------------------------------------------------------------------------
    mean = mean(daystaken)                                        t =  -0.0000
H0: mean = 3.23805                               Degrees of freedom =     1944

 Ha: mean < 3.23805           Ha: mean != 3.23805           Ha: mean > 3.23805
 Pr(T < t) = 0.5000         Pr(|T| > |t|) = 1.0000          Pr(T > t) = 0.5000

. ttest daystaken == 5.0065349 if shipmode == "Standard Class"

One-sample t test
------------------------------------------------------------------------------
Variable |     Obs        Mean    Std. err.   Std. dev.   [95% conf. interval]
---------+--------------------------------------------------------------------
daysta~n |   5,968    5.006535    .0130845    1.010813    4.980885    5.032185
------------------------------------------------------------------------------
    mean = mean(daystaken)                                        t =  -0.0000
H0: mean = 5.00653                               Degrees of freedom =     5967

 Ha: mean < 5.00653           Ha: mean != 5.00653           Ha: mean > 5.00653
 Pr(T < t) = 0.5000         Pr(|T| > |t|) = 1.0000          Pr(T > t) = 0.5000

. /* Conclusion: we cannot conclude that average of actual days to ships is less than
> average of estimate days to ship for any ship mode*/
. 
. 
. 
. /* 4) Multivariable Regression with interaction variables (days taken to ship * region)*/
. /*
> regiondum1 Central
> regiondum2 East
> regiondum3 South
> omitted (_cons)- West 
> interpretations of above coefficients (uninteracted): 
> In West at days taken to ship = 0, sales is 249.4152
> at days taken to ship = 0, the sales of South > West > East> Central
> 
> regi1days CentralDaysTaken
> regi2days EastDaysTaken
> regi3days SouthDaysTaken
> omitted (daystaken)- WestDaysTaken
> interpretations of the above coefficients (interacted):
> In West, each additional day taken for shipping decreases sale by 5.832936
> */
. 
. //create dummies uninteracted for each region
. tab region, gen(regiondum)

     Region |      Freq.     Percent        Cum.
------------+-----------------------------------
    Central |      2,323       23.24       23.24
       East |      2,848       28.50       51.74
      South |      1,620       16.21       67.95
       West |      3,203       32.05      100.00
------------+-----------------------------------
      Total |      9,994      100.00

. //create dummies interacted for each region interacting with daystaken (days taken for shipping)
. forvalues i = 1/3{
  2.         gen regi`i'days = regiondum`i' * daystaken
  3. }

. 
. //rename all dummies
. rename regiondum1 Central

. rename regiondum2 East

. rename regiondum3 South

. rename regi1days CentralDaysTaken

. rename regi2days EastDaysTaken

. rename regi3days SouthDaysTaken

. 
. //regress sales on the uninteracted dummies (region) and the interacted dummies (region*daystaken)
. regress sales Central East South daystaken CentralDaysTaken EastDaysTaken SouthDaysTaken, robust

Linear regression                               Number of obs     =      9,994
                                                F(7, 9986)        =       0.84
                                                Prob > F          =     0.5511
                                                R-squared         =     0.0005
                                                Root MSE          =      623.3

----------------------------------------------------------------------------------
                 |               Robust
           sales | Coefficient  std. err.      t    P>|t|     [95% conf. interval]
-----------------+----------------------------------------------------------------
         Central |  -54.09734   42.84131    -1.26   0.207    -138.0749    29.88026
            East |  -12.92401   38.08704    -0.34   0.734    -87.58228    61.73426
           South |   34.66296   50.90602     0.68   0.496     -65.1231     134.449
       daystaken |  -5.832936   5.646438    -1.03   0.302    -16.90109    5.235221
CentralDaysTaken |    10.8734   10.81453     1.01   0.315    -10.32526    32.07205
   EastDaysTaken |   6.304931   8.621355     0.73   0.465    -10.59466    23.20453
  SouthDaysTaken |  -4.847781   11.78333    -0.41   0.681    -27.94549    18.24992
           _cons |   249.4152   26.81054     9.30   0.000     196.8612    301.9693
----------------------------------------------------------------------------------

. 
. capture log close /* last command in any program */
